make all --print-data-base --no-builtin-variables --no-builtin-rules --question
# GNU Make 3.81
# Copyright (C) 2006  Free Software Foundation, Inc.
# This is free software; see the source for copying conditions.
# There is NO warranty; not even for MERCHANTABILITY or FITNESS FOR A
# PARTICULAR PURPOSE.

# This program built for i386-apple-darwin11.3.0
 

# Make data base, printed on Mon Aug  2 21:11:47 2021

# Variables

 
# automatic
<D = $(patsubst %/,%,$(dir $<))
# automatic
?F = $(notdir $?)
# makefile (from `Makefile', line 4)
OBJ = ${SRCS:.c=.o}
# environment
VSCODE_LOG_NATIVE = false
# automatic
?D = $(patsubst %/,%,$(dir $?))
# automatic
@D = $(patsubst %/,%,$(dir $@))
# automatic
@F = $(notdir $@)
# makefile
CURDIR := /Users/inhow-ch/Desktop/pipex
# makefile (from `Makefile', line 12)
C_OK = "\033[35m"
# makefile
SHELL = /bin/sh
# makefile (from `Makefile', line 11)
C_NO = "\033[00m"
# environment
VSCODE_NLS_CONFIG = {"locale":"fr","availableLanguages":{},"_languagePackSupport":true}
# environment
_ = /usr/bin/make
# makefile (from `Makefile', line 3)
CFLAGS = -Wall -Wextra -Werror
# makefile (from `Makefile', line 1)
MAKEFILE_LIST :=  Makefile
# makefile (from `Makefile', line 18)
SUCCESS = $(C_GOOD)SUCCESS$(C_NO)
# environment
VSCODE_VERBOSE_LOGGING = true
# makefile (from `Makefile', line 13)
C_GOOD = "\033[32m"
# makefile (from `Makefile', line 9)
OBJS = $(SRCS:.c=.o)
# environment
VSCODE_IPC_HOOK_EXTHOST = /var/folders/zz/zyxvpxvq6csfxvn_n0004t080016h2/T/vscode-ipc-2ca85808-86e4-408d-b35e-86447e12f43e.sock
# environment
VSCODE_CWD = /
# environment
Apple_PubSub_Socket_Render = /private/tmp/com.apple.launchd.SMv0yWoHC5/Render
# environment
PATH = /usr/bin:/bin:/usr/sbin:/sbin
# environment
VSCODE_LOG_STACK = false
# environment
ELECTRON_RUN_AS_NODE = 1
# default
.FEATURES := target-specific order-only second-expansion else-if archives jobserver check-symlink
# makefile (from `Makefile', line 15)
C_WARN = "\033[33m"
# environment
SSH_AUTH_SOCK = /private/tmp/com.apple.launchd.rsC6ZfXqBQ/Listeners
# automatic
%F = $(notdir $%)
# environment
VSCODE_PIPE_LOGGING = true
# environment
PWD = /Users/inhow-ch/Desktop/pipex
# environment
ORIGINAL_XDG_CURRENT_DESKTOP = undefined
# environment
VSCODE_AMD_ENTRYPOINT = vs/workbench/services/extensions/node/extensionHostProcess
# environment
HOME = /Users/inhow-ch
# default
MAKEFILEPATH := /Applications/Xcode.app/Contents/Developer/Makefiles
# environment
VSCODE_CODE_CACHE_PATH = /Users/inhow-ch/Library/Application Support/VSCodium/CachedData/c3f126316369cd610563c75b1b1725e0679adfb3
# environment
LOGNAME = inhow-ch
# environment
APPLICATION_INSIGHTS_NO_DIAGNOSTIC_CHANNEL = true
# environment
VSCODE_HANDLES_UNCAUGHT_ERRORS = true
# automatic
^D = $(patsubst %/,%,$(dir $^))
# environment
XPC_FLAGS = 0x0
# default
MAKE = $(MAKE_COMMAND)
# default
MAKECMDGOALS := all
# makefile (from `Makefile', line 6)
SRCS = ft_parsing.c ft_exec.c
# environment
SHLVL = 1
# makefile (from `Makefile', line 2)
CC = gcc
# default
MAKE_VERSION := 3.81
 
# environment
USER = inhow-ch
# makefile
.DEFAULT_GOAL := all
# makefile (from `Makefile', line 1)
NAME = pipex.a
# automatic
%D = $(patsubst %/,%,$(dir $%))
# default
MAKE_COMMAND := /Applications/Xcode.app/Contents/Developer/usr/bin/make
# default
.VARIABLES := 
# environment
TMPDIR = /var/folders/zz/zyxvpxvq6csfxvn_n0004t080016h2/T/
# automatic
*F = $(notdir $*)
# environment
VSCODE_IPC_HOOK = /Users/inhow-ch/Library/Application Support/VSCodium/1.58.2-main.sock
# makefile
MAKEFLAGS = Rrqp
# environment
MFLAGS = -Rrqp
# automatic
*D = $(patsubst %/,%,$(dir $*))
# environment
XPC_SERVICE_NAME = com.apple.xpc.launchd.oneshot.0x10000002.Electron
# automatic
+D = $(patsubst %/,%,$(dir $+))
# automatic
+F = $(notdir $+)
# makefile (from `Makefile', line 19)
OK = $(C_OK)OK$(C_NO)
# environment
__CF_USER_TEXT_ENCODING = 0x9A02:0x0:0x1
# environment
COMMAND_MODE = unix2003
# default
MAKEFILES := 
# environment
VSCODE_BROWSER_CODE_LOADING = bypassHeatCheck
# automatic
<F = $(notdir $<)
# environment
LC_ALL = C
# environment
SECURITYSESSIONID = 186a8
# automatic
^F = $(notdir $^)
# default
SUFFIXES := 
# default
.INCLUDE_DIRS = /usr/local/include
# environment
MAKELEVEL := 0
# makefile (from `Makefile', line 14)
C_ERROR = "\033[31m"
# environment
LANG = C
# environment
VSCODE_PID = 814
# variable set hash-table stats:
# Load=77/1024=8%, Rehash=0, Collisions=6/112=5%

# Pattern-specific Variable Values

# No pattern-specific variable values.

# Directories

# . (device 16777224, inode 263259): 17 files, no impossibilities.

# 17 files, no impossibilities in 1 directories.

# Implicit Rules

%.o: %.c
#  commands to execute (from `Makefile', line 24):
	@$(CC) -Iincludes $(CFLAGS)  -c $< -o $@
	@echo "Linking" [ $< ] $(OK)
	

# 1 implicit rules, 0 (0.0%) terminal.

# Files

pipex.a: ft_parsing.o ft_exec.o
#  Implicit rule search has not been done.
#  Last modified 2021-08-02 21:10:08
#  File has been updated.
#  Needs to be updated (-q is set).
# variable set hash-table stats:
# Load=0/32=0%, Rehash=0, Collisions=0/7=0%
#  commands to execute (from `Makefile', line 28):
	@make re -C libft/
	@cp libft/libft.a ./$(NAME)
	@ar rc $@ $^
	@echo "Compiling & indexing" [ $(NAME) ] $(SUCCESS)
	@$(CC) -Iincludes  $(OBJ) $(CFLAGS)  main.c  $(NAME) libft/libft.a  -o  pipex
	

all: pipex.a
#  Phony target (prerequisite of .PHONY).
#  Command-line target.
#  Implicit rule search has not been done.
#  File does not exist.
#  File has been updated.
#  Needs to be updated (-q is set).
# variable set hash-table stats:
# Load=0/32=0%, Rehash=0, Collisions=0/7=0%

.PHONY: all clean fclean re
#  Implicit rule search has not been done.
#  Modification time never checked.
#  File has not been updated.

# Not a target:
.SUFFIXES:
#  Implicit rule search has not been done.
#  Modification time never checked.
#  File has not been updated.

# Not a target:
Makefile:
#  Implicit rule search has been done.
#  Last modified 2021-08-02 21:11:46
#  File has been updated.
#  Successfully updated.
# variable set hash-table stats:
# Load=0/32=0%, Rehash=0, Collisions=0/0=0%

ft_exec.o: ft_exec.c
#  Implicit rule search has been done.
#  Implicit/static pattern stem: `ft_exec'
#  File does not exist.
#  File has been updated.
#  Needs to be updated (-q is set).
# automatic
# @ := ft_exec.o
# automatic
# % := 
# automatic
# * := ft_exec
# automatic
# + := ft_exec.c
# automatic
# | := 
# automatic
# < := ft_exec.c
# automatic
# ^ := ft_exec.c
# automatic
# ? := ft_exec.c
# variable set hash-table stats:
# Load=8/32=25%, Rehash=0, Collisions=3/18=17%
#  commands to execute (from `Makefile', line 24):
	@$(CC) -Iincludes $(CFLAGS)  -c $< -o $@
	@echo "Linking" [ $< ] $(OK)
	

fclean: clean
#  Phony target (prerequisite of .PHONY).
#  Implicit rule search has not been done.
#  File does not exist.
#  File has not been updated.
#  commands to execute (from `Makefile', line 43):
	@/bin/rm -f $(NAME)
	@/bin/rm -f pipex
	@make fclean -C libft/
	@echo "Cleaning" [ $(NAME) ] $(OK)
	

ft_parsing.o: ft_parsing.c
#  Implicit rule search has been done.
#  Implicit/static pattern stem: `ft_parsing'
#  Last modified 2021-08-02 21:10:06
#  File has been updated.
#  Successfully updated.
# variable set hash-table stats:
# Load=0/32=0%, Rehash=0, Collisions=0/0=0%
#  commands to execute (from `Makefile', line 24):
	@$(CC) -Iincludes $(CFLAGS)  -c $< -o $@
	@echo "Linking" [ $< ] $(OK)
	

# Not a target:
 
.DEFAULT:
#  Implicit rule search has not been done.
#  Modification time never checked.
#  File has not been updated.

re: fclean all
#  Phony target (prerequisite of .PHONY).
#  Implicit rule search has not been done.
#  File does not exist.
#  File has not been updated.

leak:
#  Implicit rule search has not been done.
#  Modification time never checked.
#  File has not been updated.
#  commands to execute (from `Makefile', line 35):
	@$(CC) -Iincludes  $(OBJ) $(CFLAGS)  main.c  $(NAME) libft/libft.a -fsanitize=address -fno-omit-frame-pointer -o  leak
	

clean:
#  Phony target (prerequisite of .PHONY).
#  Implicit rule search has not been done.
#  File does not exist.
#  File has not been updated.
#  commands to execute (from `Makefile', line 38):
	@make clean -C libft/
	@/bin/rm -f $(OBJ)
	@echo "[ft_printf] Removed object files!\n"
	

# Not a target:
ft_exec.c:
#  Implicit rule search has been done.
#  Last modified 2021-08-02 21:11:35
#  File has been updated.
#  Successfully updated.
# variable set hash-table stats:
# Load=0/32=0%, Rehash=0, Collisions=0/0=0%

# Not a target:
ft_parsing.c:
#  Implicit rule search has been done.
#  Last modified 2021-08-02 21:09:49
#  File has been updated.
#  Successfully updated.
# variable set hash-table stats:
# Load=0/32=0%, Rehash=0, Collisions=0/0=0%

# files hash-table stats:
# Load=14/1024=1%, Rehash=0, Collisions=0/43=0%
# VPATH Search Paths

# No `vpath' search paths.

# No general (`VPATH' variable) search path.

# # of strings in strcache: 1
# # of strcache buffers: 1
# strcache size: total = 4096 / max = 4096 / min = 4096 / avg = 4096
# strcache free: total = 4087 / max = 4087 / min = 4087 / avg = 4087

# Finished Make data base on Mon Aug  2 21:11:47 2021

 
